# JRE version: OpenJDK Runtime Environment (8.0_362-b09) (build 1.8.0_362-b09)
# Java VM: OpenJDK 64-Bit Server VM (25.362-b09 mixed mode windows-amd64 compressed oops)
Heap:
 PSYoungGen      total 141824K, used 18890K [0x000000076b200000, 0x000000077c700000, 0x00000007c0000000)
  eden space 131072K, 14% used [0x000000076b200000,0x000000076c472978,0x0000000773200000)
  from space 10752K, 0% used [0x0000000773200000,0x0000000773200000,0x0000000773c80000)
  to   space 10752K, 0% used [0x000000077bc80000,0x000000077bc80000,0x000000077c700000)
 ParOldGen       total 128512K, used 18120K [0x00000006c1600000, 0x00000006c9380000, 0x000000076b200000)
  object space 128512K, 14% used [0x00000006c1600000,0x00000006c27b2068,0x00000006c9380000)
 Metaspace       used 21988K, capacity 22278K, committed 22656K, reserved 1069056K
  class space    used 2766K, capacity 2865K, committed 2944K, reserved 1048576K
GC Heap History (8 events):
Event: 0.577 GC heap before
{Heap before GC invocations=1 (full 0):
 PSYoungGen      total 76288K, used 65536K [0x000000076b200000, 0x0000000770700000, 0x00000007c0000000)
  eden space 65536K, 100% used [0x000000076b200000,0x000000076f200000,0x000000076f200000)
  from space 10752K, 0% used [0x000000076fc80000,0x000000076fc80000,0x0000000770700000)
  to   space 10752K, 0% used [0x000000076f200000,0x000000076f200000,0x000000076fc80000)
 ParOldGen       total 175104K, used 0K [0x00000006c1600000, 0x00000006cc100000, 0x000000076b200000)
  object space 175104K, 0% used [0x00000006c1600000,0x00000006c1600000,0x00000006cc100000)
 Metaspace       used 10023K, capacity 10188K, committed 10368K, reserved 1058816K
  class space    used 1195K, capacity 1288K, committed 1408K, reserved 1048576K
Event: 0.584 GC heap after
Heap after GC invocations=1 (full 0):
 PSYoungGen      total 76288K, used 10726K [0x000000076b200000, 0x0000000774700000, 0x00000007c0000000)
  eden space 65536K, 0% used [0x000000076b200000,0x000000076b200000,0x000000076f200000)
  from space 10752K, 99% used [0x000000076f200000,0x000000076fc79a10,0x000000076fc80000)
  to   space 10752K, 0% used [0x0000000773c80000,0x0000000773c80000,0x0000000774700000)
 ParOldGen       total 175104K, used 3739K [0x00000006c1600000, 0x00000006cc100000, 0x000000076b200000)
  object space 175104K, 2% used [0x00000006c1600000,0x00000006c19a6d20,0x00000006cc100000)
 Metaspace       used 10023K, capacity 10188K, committed 10368K, reserved 1058816K
  class space    used 1195K, capacity 1288K, committed 1408K, reserved 1048576K
}
Event: 1.086 GC heap before
{Heap before GC invocations=2 (full 0):
 PSYoungGen      total 76288K, used 76262K [0x000000076b200000, 0x0000000774700000, 0x00000007c0000000)
  eden space 65536K, 100% used [0x000000076b200000,0x000000076f200000,0x000000076f200000)
  from space 10752K, 99% used [0x000000076f200000,0x000000076fc79a10,0x000000076fc80000)
  to   space 10752K, 0% used [0x0000000773c80000,0x0000000773c80000,0x0000000774700000)
 ParOldGen       total 175104K, used 3739K [0x00000006c1600000, 0x00000006cc100000, 0x000000076b200000)
  object space 175104K, 2% used [0x00000006c1600000,0x00000006c19a6d20,0x00000006cc100000)
 Metaspace       used 17332K, capacity 17582K, committed 17920K, reserved 1064960K
  class space    used 2215K, capacity 2291K, committed 2304K, reserved 1048576K
Event: 1.097 GC heap after
Heap after GC invocations=2 (full 0):
 PSYoungGen      total 141824K, used 10727K [0x000000076b200000, 0x0000000774700000, 0x00000007c0000000)
  eden space 131072K, 0% used [0x000000076b200000,0x000000076b200000,0x0000000773200000)
  from space 10752K, 99% used [0x0000000773c80000,0x00000007746f9f08,0x0000000774700000)
  to   space 10752K, 0% used [0x0000000773200000,0x0000000773200000,0x0000000773c80000)
 ParOldGen       total 175104K, used 11728K [0x00000006c1600000, 0x00000006cc100000, 0x000000076b200000)
  object space 175104K, 6% used [0x00000006c1600000,0x00000006c21740d0,0x00000006cc100000)
 Metaspace       used 17332K, capacity 17582K, committed 17920K, reserved 1064960K
  class space    used 2215K, capacity 2291K, committed 2304K, reserved 1048576K
}
Event: 1.592 GC heap before
{Heap before GC invocations=3 (full 0):
 PSYoungGen      total 141824K, used 58049K [0x000000076b200000, 0x0000000774700000, 0x00000007c0000000)
  eden space 131072K, 36% used [0x000000076b200000,0x000000076e0366d0,0x0000000773200000)
  from space 10752K, 99% used [0x0000000773c80000,0x00000007746f9f08,0x0000000774700000)
  to   space 10752K, 0% used [0x0000000773200000,0x0000000773200000,0x0000000773c80000)
 ParOldGen       total 175104K, used 11728K [0x00000006c1600000, 0x00000006cc100000, 0x000000076b200000)
  object space 175104K, 6% used [0x00000006c1600000,0x00000006c21740d0,0x00000006cc100000)
 Metaspace       used 20845K, capacity 21108K, committed 21248K, reserved 1067008K
  class space    used 2645K, capacity 2734K, committed 2816K, reserved 1048576K
Event: 1.601 GC heap after
Heap after GC invocations=3 (full 0):
 PSYoungGen      total 141824K, used 10749K [0x000000076b200000, 0x000000077c700000, 0x00000007c0000000)
  eden space 131072K, 0% used [0x000000076b200000,0x000000076b200000,0x0000000773200000)
  from space 10752K, 99% used [0x0000000773200000,0x0000000773c7f788,0x0000000773c80000)
  to   space 10752K, 0% used [0x000000077bc80000,0x000000077bc80000,0x000000077c700000)
 ParOldGen       total 175104K, used 17971K [0x00000006c1600000, 0x00000006cc100000, 0x000000076b200000)
  object space 175104K, 10% used [0x00000006c1600000,0x00000006c278cc08,0x00000006cc100000)
 Metaspace       used 20845K, capacity 21108K, committed 21248K, reserved 1067008K
  class space    used 2645K, capacity 2734K, committed 2816K, reserved 1048576K
}
Event: 1.601 GC heap before
{Heap before GC invocations=4 (full 1):
 PSYoungGen      total 141824K, used 10749K [0x000000076b200000, 0x000000077c700000, 0x00000007c0000000)
  eden space 131072K, 0% used [0x000000076b200000,0x000000076b200000,0x0000000773200000)
  from space 10752K, 99% used [0x0000000773200000,0x0000000773c7f788,0x0000000773c80000)
  to   space 10752K, 0% used [0x000000077bc80000,0x000000077bc80000,0x000000077c700000)
 ParOldGen       total 175104K, used 17971K [0x00000006c1600000, 0x00000006cc100000, 0x000000076b200000)
  object space 175104K, 10% used [0x00000006c1600000,0x00000006c278cc08,0x00000006cc100000)
 Metaspace       used 20845K, capacity 21108K, committed 21248K, reserved 1067008K
  class space    used 2645K, capacity 2734K, committed 2816K, reserved 1048576K
Event: 1.634 GC heap after
Heap after GC invocations=4 (full 1):
 PSYoungGen      total 141824K, used 0K [0x000000076b200000, 0x000000077c700000, 0x00000007c0000000)
  eden space 131072K, 0% used [0x000000076b200000,0x000000076b200000,0x0000000773200000)
  from space 10752K, 0% used [0x0000000773200000,0x0000000773200000,0x0000000773c80000)
  to   space 10752K, 0% used [0x000000077bc80000,0x000000077bc80000,0x000000077c700000)
 ParOldGen       total 128512K, used 18120K [0x00000006c1600000, 0x00000006c9380000, 0x000000076b200000)
  object space 128512K, 14% used [0x00000006c1600000,0x00000006c27b2068,0x00000006c9380000)
 Metaspace       used 20845K, capacity 21108K, committed 21248K, reserved 1067008K
  class space    used 2645K, capacity 2734K, committed 2816K, reserved 1048576K
}

